<?xml version="1.0" encoding="UTF-8"?>
<!-- Generated by org.testng.reporters.JUnitReportReporter -->
<testsuite hostname="INPHWN163407" failures="0" tests="1" name="testCases.tc001_accountRegistrationTest" time="23.019" errors="0" timestamp="2024-11-30T14:58:44 IST" skipped="0">
  <testcase classname="testCases.tc001_accountRegistrationTest" name="TestAccountRegi" time="23.019"/>
</testsuite> <!-- testCases.tc001_accountRegistrationTest -->
