<?xml version="1.0" encoding="UTF-8"?>
<!-- Generated by org.testng.reporters.JUnitReportReporter -->
<testsuite hostname="INPHWN163407" failures="0" tests="7" name="testCases.TC003_loginDDT" time="59.790" errors="0" timestamp="2024-11-30T12:42:39 IST" skipped="0">
  <testcase classname="testCases.TC003_loginDDT" name="verify_loginddt" time="1.624"/>
  <testcase classname="testCases.TC003_loginDDT" name="verify_loginddt" time="12.143"/>
  <testcase classname="testCases.TC003_loginDDT" name="verify_loginddt" time="1.580"/>
  <testcase classname="testCases.TC003_loginDDT" name="verify_loginddt" time="10.905"/>
  <testcase classname="testCases.TC003_loginDDT" name="verify_loginddt" time="11.133"/>
  <testcase classname="testCases.TC003_loginDDT" name="verify_loginddt" time="11.091"/>
  <testcase classname="testCases.TC003_loginDDT" name="verify_loginddt" time="11.314"/>
</testsuite> <!-- testCases.TC003_loginDDT -->
