<?xml version="1.0" encoding="UTF-8"?>
<!-- Generated by org.testng.reporters.JUnitReportReporter -->
<testsuite hostname="INPHWN163407" failures="0" tests="1" name="testCases.TC002_LoginTest" time="12.143" errors="0" timestamp="2024-11-30T15:09:02 IST" skipped="0">
  <testcase classname="testCases.TC002_LoginTest" name="Login_Verify" time="12.143"/>
</testsuite> <!-- testCases.TC002_LoginTest -->
