<?xml version="1.0" encoding="UTF-8"?>
<!-- Generated by org.testng.reporters.JUnitReportReporter -->
<testsuite hostname="INPHWN163407" failures="0" tests="1" name="testCases.TC002_LoginTest" time="1.215" errors="0" timestamp="2024-12-01T10:23:22 IST" skipped="0">
  <testcase classname="testCases.TC002_LoginTest" name="Login_Verify" time="1.215"/>
</testsuite> <!-- testCases.TC002_LoginTest -->
