<?xml version="1.0" encoding="UTF-8"?>
<!-- Generated by org.testng.reporters.JUnitReportReporter -->
<testsuite hostname="INPHWN163407" failures="0" tests="1" name="testCases.tc001_accountRegistrationTest" time="1.915" errors="0" timestamp="2024-12-01T10:23:22 IST" skipped="0">
  <testcase classname="testCases.tc001_accountRegistrationTest" name="TestAccountRegi" time="1.915"/>
</testsuite> <!-- testCases.tc001_accountRegistrationTest -->
